<?xml version="1.0" encoding="UTF-8"?>
<!-- Generated by org.testng.reporters.JUnitReportReporter -->
<testsuite hostname="LAPTOP-THQERG1I" failures="0" tests="2" name="Demo1.test1" time="0.011" errors="0" timestamp="2023-04-22T17:26:46 IST" skipped="0">
  <testcase classname="Demo1.test1" name="method11" time="0.009"/>
  <system-out/>
  <testcase classname="Demo1.test1" name="method6" time="0.002"/>
  <system-out/>
</testsuite> <!-- Demo1.test1 -->
